<?xml version="1.0" encoding="UTF-8"?>
<coverage generated="1658954492">
  <project timestamp="1658954492">
    <file name="/home/runner/work/shooglypeg-teams/shooglypeg-teams/src/Exceptions/InvalidTeamName.php">
      <class name="ShooglyPeg\Teams\Exceptions\InvalidTeamName" namespace="global">
        <metrics complexity="2" methods="2" coveredmethods="2" conditionals="0" coveredconditionals="0" statements="2" coveredstatements="2" elements="4" coveredelements="4"/>
      </class>
      <line num="11" type="method" name="__construct" visibility="private" complexity="1" crap="1" count="1"/>
      <line num="13" type="stmt" count="1"/>
      <line num="16" type="method" name="fromValue" visibility="public" complexity="1" crap="1" count="1"/>
      <line num="18" type="stmt" count="1"/>
      <metrics loc="21" ncloc="21" classes="1" methods="2" coveredmethods="2" conditionals="0" coveredconditionals="0" statements="2" coveredstatements="2" elements="4" coveredelements="4"/>
    </file>
    <file name="/home/runner/work/shooglypeg-teams/shooglypeg-teams/src/TeamName.php">
      <class name="ShooglyPeg\Teams\TeamName" namespace="global">
        <metrics complexity="7" methods="5" coveredmethods="5" conditionals="0" coveredconditionals="0" statements="10" coveredstatements="10" elements="15" coveredelements="15"/>
      </class>
      <line num="150" type="method" name="__construct" visibility="public" complexity="3" crap="3" count="5"/>
      <line num="152" type="stmt" count="5"/>
      <line num="153" type="stmt" count="2"/>
      <line num="154" type="stmt" count="2"/>
      <line num="155" type="stmt" count="1"/>
      <line num="157" type="stmt" count="1"/>
      <line num="161" type="stmt" count="4"/>
      <line num="164" type="method" name="short" visibility="public" complexity="1" crap="1" count="1"/>
      <line num="166" type="stmt" count="1"/>
      <line num="169" type="method" name="random" visibility="public" complexity="1" crap="1" count="1"/>
      <line num="171" type="stmt" count="1"/>
      <line num="174" type="method" name="league" visibility="public" complexity="1" crap="1" count="1"/>
      <line num="176" type="stmt" count="1"/>
      <line num="179" type="method" name="all" visibility="public" complexity="1" crap="1" count="1"/>
      <line num="181" type="stmt" count="1"/>
      <metrics loc="184" ncloc="179" classes="1" methods="5" coveredmethods="5" conditionals="0" coveredconditionals="0" statements="10" coveredstatements="10" elements="15" coveredelements="15"/>
    </file>
    <metrics files="2" loc="205" ncloc="200" classes="2" methods="7" coveredmethods="7" conditionals="0" coveredconditionals="0" statements="12" coveredstatements="12" elements="19" coveredelements="19"/>
  </project>
</coverage>
